<?xml version="1.0" encoding="UTF-8"?>
<!-- Generated by org.testng.reporters.JUnitXMLReporter -->
<testsuite hostname="ULTP_431" name="Launch SynerzipHRMS Home Tabtest" tests="1" failures="1" timestamp="24 Sep 2015 07:50:51 GMT" time="14.291" errors="0">
  <testcase name="HomeTabTest" time="14.289" classname="Tests.SynerzipHomeTabTest">
    <failure type="java.lang.AssertionError" message="The following asserts failed:
No leave balance list present">
      <![CDATA[java.lang.AssertionError: The following asserts failed:
No leave balance list present
	at BusinessClass.HomeTab.MyLeaveBalance(HomeTab.java:69)
	at Tests.SynerzipHomeTabTest.HomeTabTest(SynerzipHomeTabTest.java:25)
... Removed 24 stack frames]]>
    </failure>
  </testcase> <!-- HomeTabTest -->
</testsuite> <!-- Launch SynerzipHRMS Home Tabtest -->
