<?xml version="1.0" encoding="UTF-8"?>
<!-- Generated by org.testng.reporters.JUnitXMLReporter -->
<testsuite hostname="ULTP_431" name="Launch SynerzipHRMS test" tests="1" failures="1" timestamp="24 Sep 2015 07:50:29 GMT" time="12.692" errors="0">
  <testcase name="LaunchURLTest" time="8.249" classname="Tests.SynerzipLaunchURLTest">
    <failure type="java.lang.AssertionError" message="The following asserts failed:
Server response is not 200">
      <![CDATA[java.lang.AssertionError: The following asserts failed:
Server response is not 200
	at Tests.SynerzipLaunchURLTest.LaunchURLTest(SynerzipLaunchURLTest.java:41)
... Removed 24 stack frames]]>
    </failure>
  </testcase> <!-- LaunchURLTest -->
</testsuite> <!-- Launch SynerzipHRMS test -->
