<?xml version="1.0" encoding="UTF-8"?>
<!-- Generated by org.testng.reporters.JUnitXMLReporter -->
<testsuite hostname="ULTP_168" name="Launch SynerzipHRMS test(failed)" tests="1" failures="1" timestamp="11 Dec 2014 10:51:02 GMT" time="40.114" errors="0">
  <testcase name="@AfterTest AfterLaunchURLTest" time="0.0" classname="Tests.SynerzipEmployeeDirectoryTest">
    <failure type="java.lang.NullPointerException">
      <![CDATA[java.lang.NullPointerException
	at Utility.UtilD.LogoutTest(UtilD.java:131)
	at Tests.SynerzipEmployeeDirectoryTest.AfterLaunchURLTest(SynerzipEmployeeDirectoryTest.java:28)
... Removed 22 stack frames]]>
    </failure>
  </testcase> <!-- @AfterTest AfterLaunchURLTest -->
  <testcase name="LaunchURLTest" time="7.134" classname="Tests.SynerzipLaunchURLTest">
    <failure type="java.lang.AssertionError" message="Server response is not 200 expected [true] but found [false]">
      <![CDATA[java.lang.AssertionError: Server response is not 200 expected [true] but found [false]
	at Tests.SynerzipLaunchURLTest.LaunchURLTest(SynerzipLaunchURLTest.java:33)
... Removed 27 stack frames]]>
    </failure>
  </testcase> <!-- LaunchURLTest -->
</testsuite> <!-- Launch SynerzipHRMS test(failed) -->
